<?xml version="1.0" encoding="UTF-8"?>
<coverage generated="1666982872362" clover="3.2.0">
  <project timestamp="1666982872362" name="All files">
    <metrics statements="6" coveredstatements="6" conditionals="0" coveredconditionals="0" methods="2" coveredmethods="2" elements="8" coveredelements="8" complexity="0" loc="6" ncloc="6" packages="1" files="2" classes="2"/>
    <file name="commentCounter.js" path="C:\Users\kupou\OneDrive\Desktop\Microverse\B\Kanban-Baord-Project\kanban-board\src\modules\commentCounter.js">
      <metrics statements="3" coveredstatements="3" conditionals="0" coveredconditionals="0" methods="1" coveredmethods="1"/>
      <line num="1" count="1" type="stmt"/>
      <line num="2" count="2" type="stmt"/>
      <line num="3" count="2" type="stmt"/>
    </file>
    <file name="itemsCounter.js" path="C:\Users\kupou\OneDrive\Desktop\Microverse\B\Kanban-Baord-Project\kanban-board\src\modules\itemsCounter.js">
      <metrics statements="3" coveredstatements="3" conditionals="0" coveredconditionals="0" methods="1" coveredmethods="1"/>
      <line num="1" count="1" type="stmt"/>
      <line num="2" count="2" type="stmt"/>
      <line num="3" count="2" type="stmt"/>
    </file>
  </project>
</coverage>
