{"C:\\Users\\kupou\\OneDrive\\Desktop\\Microverse\\B\\Kanban-Baord-Project\\kanban-board\\src\\modules\\commentCounter.js": {"path":"C:\\Users\\kupou\\OneDrive\\Desktop\\Microverse\\B\\Kanban-Baord-Project\\kanban-board\\src\\modules\\commentCounter.js","statementMap":{"0":{"start":{"line":1,"column":23},"end":{"line":4,"column":1}},"1":{"start":{"line":2,"column":21},"end":{"line":2,"column":26}},"2":{"start":{"line":3,"column":2},"end":{"line":3,"column":16}}},"fnMap":{"0":{"name":"(anonymous_0)","decl":{"start":{"line":1,"column":23},"end":{"line":1,"column":24}},"loc":{"start":{"line":1,"column":34},"end":{"line":4,"column":1}},"line":1}},"branchMap":{},"s":{"0":1,"1":2,"2":2},"f":{"0":2},"b":{},"_coverageSchema":"1a1c01bbd47fc00a2c39e90264f33305004495a9","hash":"583cb40aaa518212de92471a4bc1899f74c8e1f9"}
,"C:\\Users\\kupou\\OneDrive\\Desktop\\Microverse\\B\\Kanban-Baord-Project\\kanban-board\\src\\modules\\itemsCounter.js": {"path":"C:\\Users\\kupou\\OneDrive\\Desktop\\Microverse\\B\\Kanban-Baord-Project\\kanban-board\\src\\modules\\itemsCounter.js","statementMap":{"0":{"start":{"line":1,"column":21},"end":{"line":4,"column":1}},"1":{"start":{"line":2,"column":21},"end":{"line":2,"column":26}},"2":{"start":{"line":3,"column":2},"end":{"line":3,"column":16}}},"fnMap":{"0":{"name":"(anonymous_0)","decl":{"start":{"line":1,"column":21},"end":{"line":1,"column":22}},"loc":{"start":{"line":1,"column":32},"end":{"line":4,"column":1}},"line":1}},"branchMap":{},"s":{"0":1,"1":2,"2":2},"f":{"0":2},"b":{},"_coverageSchema":"1a1c01bbd47fc00a2c39e90264f33305004495a9","hash":"952702416776fddefc05e4230cff4f36ce2dbdce"}
}
